
> dev
> nuxt dev --port 3001 --host 0.0.0.0

[90m|[39m
[34m•[39m  [32mNuxt [1m4.3.0[22m[39m[90m (with [39m[90mNitro [1m2.13.1[22m[39m[90m, Vite [1m7.3.1[22m[39m[90m and Vue [1m3.5.27[22m[39m[90m)[39m

 
              █▀▀▀▀▀▀▀█▀██▀▀█▀█▀█▀▀▀▀▀▀▀█
              █ █▀▀▀█ █▄▄ ▀   ▀ █ █▀▀▀█ █
              █ █   █ █▀▀ ▀█ █▄ █ █   █ █
              █ ▀▀▀▀▀ █ █▀▄▀█▀█▀█ ▀▀▀▀▀ █
              █▀▀▀██▀▀█ ▀ ▄▄█  █▀▀▀▀██▀▀█
              █ ▄   ▀▀▀█▄▄▀█▄  ▀  █▀ ▀▄ █
              █▀▄▀▄▀▀▀▀▀ █▀▀█▀▄ ▀ █▄▄██▀█
              █▀▀ ▀█▀▀ █ ▀█ █  ▀█▄█▀▀▀▄ █
              █▀▀█▄ █▀ ▄▀▄▄ █ █▀▀ ▀▀██▀██
              █▀▀▀▀▀▀▀█▄▄▄▀█▀ ▄ █▀█ ▀▄█ █
              █ █▀▀▀█ █▄▄ ▄ █▀▀ ▀▀▀ ▀█ ██
              █ █   █ █▀█▄ █▀ █ ██  ▄▄ ▀█
              █ ▀▀▀▀▀ █ █ ▀██▀  █▀▄▄▀██▀█
              ▀▀▀▀▀▀▀▀▀▀▀▀▀▀▀▀▀▀▀▀▀▀▀▀▀▀▀
 
[32m  ➜ Local:   [39m [36m[4mhttp://0.0.0.0:[1m3001[22m/[24m[39m
[35m  ➜ Network: [39m [36m[4mhttp://192.168.29.1:[1m3001[22m/[24m[39m[90m [QR code][39m
[35m  ➜ Network: [39m [36m[4mhttp://192.168.56.1:[1m3001[22m/[24m[39m
[35m  ➜ Network: [39m [36m[4mhttp://192.168.6.198:[1m3001[22m/[24m[39m

[33m  ➜ DevTools: [39m[2mpress [22m[32mShift[39m[2m + [22m[32mAlt[39m[2m + [22m[32mD[39m[2m in the browser (v3.1.1)[22m

[32m√[39m Vite client built in 38ms
[32m√[39m Vite server built in 86ms
[90m[[90mnitro[90m][39m [32m√[39m Nuxt Nitro server built in 1477ms
[36mi[39m Vite server warmed up in 1ms
[36mi[39m Vite client warmed up in 3ms
